<?xml version="1.0" encoding="UTF-8"?>
<!-- Generated by org.testng.reporters.JUnitReportReporter -->
<testsuite hostname="L8ZZ1N53" failures="0" tests="2" name="testPacakage.TestClass2" time="0.008" errors="0" timestamp="2021-06-21T08:36:05 IST" skipped="0">
  <testcase classname="testPacakage.TestClass2" name="verifyLogin" time="0.007"/>
  <system-out/>
  <testcase classname="testPacakage.TestClass2" name="verifyRegistration" time="0.001"/>
  <system-out/>
</testsuite> <!-- testPacakage.TestClass2 -->
