<?xml version="1.0" encoding="UTF-8"?>
<!-- Generated by org.testng.reporters.JUnitReportReporter -->
<testsuite hostname="L8ZZ1N53" failures="0" tests="3" name="testPacakage.MyFirstTestngClass" time="0.003" errors="0" timestamp="2021-06-21T08:36:05 IST" skipped="0">
  <testcase classname="testPacakage.MyFirstTestngClass" name="test9" time="0.001"/>
  <system-out/>
  <testcase classname="testPacakage.MyFirstTestngClass" name="abcd" time="0.001"/>
  <system-out/>
  <testcase classname="testPacakage.MyFirstTestngClass" name="test2" time="0.001"/>
  <system-out/>
</testsuite> <!-- testPacakage.MyFirstTestngClass -->
