<?xml version="1.0" encoding="UTF-8"?>
<!-- Generated by org.testng.reporters.JUnitReportReporter -->
<testsuite skipped="0" hostname="L8ZZ1N53" name="testPacakage.TestClass2" tests="2" failures="0" timestamp="2021-06-26T19:19:49 IST" time="0.005" errors="0">
  <testcase name="verifyRegistration" time="0.000" classname="testPacakage.TestClass2"/>
  <system-out/>
  <testcase name="verifyLogin" time="0.005" classname="testPacakage.TestClass2"/>
  <system-out/>
</testsuite> <!-- testPacakage.TestClass2 -->
