<?xml version="1.0" encoding="UTF-8"?>
<!-- Generated by org.testng.reporters.JUnitReportReporter -->
<testsuite skipped="0" hostname="L8ZZ1N53" name="testPacakage.MyFirstTestngClass" tests="3" failures="0" timestamp="2021-06-26T19:19:49 IST" time="0.001" errors="0">
  <testcase name="test9" time="0.000" classname="testPacakage.MyFirstTestngClass"/>
  <system-out/>
  <testcase name="test2" time="0.001" classname="testPacakage.MyFirstTestngClass"/>
  <system-out/>
  <testcase name="abcd" time="0.000" classname="testPacakage.MyFirstTestngClass"/>
  <system-out/>
</testsuite> <!-- testPacakage.MyFirstTestngClass -->
